   i   x noeuds       y noeuds       x centre Vol       y centre Vol    Vitesse x       Vitesse y    x ctr faces horiz    y ctr faces horiz
   1  -0.282661E-04    0.282661E-04
   1  -0.813889E-04    0.265614E-04
   1  -0.124706E-03    0.216531E-04
   1  -0.175368E-03    0.141330E-04
   1  -0.444444E-03    0.490835E-05
   1  -0.175368E-03   -0.490835E-05
   1  -0.124706E-03   -0.141330E-04
   1  -0.813889E-04   -0.216531E-04
   1  -0.282661E-04   -0.265614E-04
   2  -0.265614E-04    0.216531E-04
   2  -0.764805E-04    0.623475E-04
   2  -0.117175E-03    0.955219E-04
   2  -0.143736E-03    0.117175E-03
   2  -0.152961E-03    0.124695E-03
   2  -0.143736E-03    0.117175E-03
   2  -0.117175E-03    0.955219E-04
   2  -0.764805E-04    0.623475E-04
   2  -0.265614E-04    0.216531E-04
   3  -0.216531E-04    0.141330E-04
   3  -0.623475E-04    0.406944E-04
   3  -0.955219E-04    0.623475E-04
   3  -0.117175E-03    0.764805E-04
   3  -0.124695E-03    0.813889E-04
   3  -0.117175E-03    0.764805E-04
   3  -0.955219E-04    0.623475E-04
   3  -0.623475E-04    0.406944E-04
   3  -0.216531E-04    0.141330E-04
   4  -0.141330E-04    0.490835E-05
   4  -0.406944E-04    0.141330E-04
   4  -0.623475E-04    0.216531E-04
   4  -0.764805E-04    0.265614E-04
   4  -0.813889E-04    0.282661E-04
   4  -0.764805E-04    0.265614E-04
   4  -0.623475E-04    0.216531E-04
   4  -0.406944E-04    0.141330E-04
   4  -0.141330E-04    0.490835E-05
   5  -0.490835E-05   -0.490835E-05
   5  -0.141330E-04   -0.141330E-04
   5  -0.216531E-04   -0.216531E-04
   5  -0.265614E-04   -0.265614E-04
   5  -0.282661E-04   -0.282661E-04
   5  -0.265614E-04   -0.265614E-04
   5  -0.216531E-04   -0.216531E-04
   5  -0.141330E-04   -0.141330E-04
   5  -0.490835E-05   -0.490835E-05
   6   0.490835E-05   -0.141330E-04
   6   0.141330E-04   -0.406944E-04
   6   0.216531E-04   -0.623475E-04
   6   0.265614E-04   -0.764805E-04
   6   0.282661E-04   -0.813889E-04
   6   0.265614E-04   -0.764805E-04
   6   0.216531E-04   -0.623475E-04
   6   0.141330E-04   -0.406944E-04
   6   0.490835E-05   -0.141330E-04
   7   0.141330E-04   -0.216531E-04
   7   0.406944E-04   -0.623475E-04
   7   0.623475E-04   -0.955219E-04
   7   0.764805E-04   -0.117175E-03
   7   0.813889E-04   -0.124695E-03
   7   0.764805E-04   -0.117175E-03
   7   0.623475E-04   -0.955219E-04
   7   0.406944E-04   -0.623475E-04
   7   0.141330E-04   -0.216531E-04
   8   0.216531E-04   -0.265614E-04
   8   0.623475E-04   -0.764805E-04
   8   0.955219E-04   -0.117175E-03
   8   0.117175E-03   -0.143736E-03
   8   0.124695E-03   -0.152961E-03
   8   0.117175E-03   -0.143736E-03
   8   0.955219E-04   -0.117175E-03
   8   0.623475E-04   -0.764805E-04
   8   0.216531E-04   -0.265614E-04
   9   0.265614E-04    0.000000E+00
   9   0.764805E-04    0.000000E+00
   9   0.117175E-03    0.000000E+00
   9   0.143736E-03    0.873459-319
   9   0.152961E-03    0.000000E+00
   9   0.143736E-03    0.000000E+00
   9   0.117175E-03    0.000000E+00
   9   0.764805E-04    0.000000E+00
   9   0.265614E-04    0.000000E+00
