#  i        x        y        dy_analy      dy_num      erreur        log10(erreur)
   1   0.000000E+00    0.000000E+00    0.000000E+00    0.319224E-03    0.100000E-12   -0.130000E+02
   2   0.400000E-01    0.159787E-02    0.797868E-01    0.795742E-01    0.266537E-02   -0.257424E+01
   3   0.800000E-01    0.636593E-02    0.158298E+00    0.157876E+00    0.266730E-02   -0.257393E+01
   4   0.120000E+00    0.142280E-01    0.234278E+00    0.233652E+00    0.267058E-02   -0.257339E+01
   5   0.160000E+00    0.250581E-01    0.306505E+00    0.305685E+00    0.267527E-02   -0.257263E+01
   6   0.200000E+00    0.386827E-01    0.373815E+00    0.372812E+00    0.268149E-02   -0.257162E+01
   7   0.240000E+00    0.548831E-01    0.435113E+00    0.433943E+00    0.268940E-02   -0.257034E+01
   8   0.280000E+00    0.733982E-01    0.489393E+00    0.488072E+00    0.269920E-02   -0.256876E+01
   9   0.320000E+00    0.939289E-01    0.535752E+00    0.534300E+00    0.271117E-02   -0.256684E+01
  10   0.360000E+00    0.116142E+00    0.573400E+00    0.571837E+00    0.272567E-02   -0.256453E+01
  11   0.400000E+00    0.139676E+00    0.601675E+00    0.600024E+00    0.274318E-02   -0.256175E+01
  12   0.440000E+00    0.164144E+00    0.620051E+00    0.618337E+00    0.276435E-02   -0.255841E+01
  13   0.480000E+00    0.189143E+00    0.628149E+00    0.626396E+00    0.279004E-02   -0.255439E+01
  14   0.520000E+00    0.214256E+00    0.625736E+00    0.623971E+00    0.282144E-02   -0.254953E+01
  15   0.560000E+00    0.239060E+00    0.612736E+00    0.610983E+00    0.286025E-02   -0.254360E+01
  16   0.600000E+00    0.263134E+00    0.589225E+00    0.587511E+00    0.290895E-02   -0.253626E+01
  17   0.640000E+00    0.286061E+00    0.555435E+00    0.553785E+00    0.297125E-02   -0.252706E+01
  18   0.680000E+00    0.307437E+00    0.511748E+00    0.510186E+00    0.305306E-02   -0.251526E+01
  19   0.720000E+00    0.326876E+00    0.458691E+00    0.457240E+00    0.316434E-02   -0.249972E+01
  20   0.760000E+00    0.344016E+00    0.396930E+00    0.395611E+00    0.332320E-02   -0.247844E+01
  21   0.800000E+00    0.358525E+00    0.327258E+00    0.326091E+00    0.356641E-02   -0.244777E+01
  22   0.840000E+00    0.370104E+00    0.250587E+00    0.249589E+00    0.398185E-02   -0.239991E+01
  23   0.880000E+00    0.378492E+00    0.167932E+00    0.167119E+00    0.484409E-02   -0.231479E+01
  24   0.920000E+00    0.383473E+00    0.803989E-01    0.797821E-01    0.767175E-02   -0.211511E+01
  25   0.960000E+00    0.384875E+00   -0.108334E-01   -0.112440E-01    0.378987E-01   -0.142138E+01
  26   0.100000E+01    0.382574E+00   -0.104528E+00   -0.104725E+00    0.189174E-02   -0.272314E+01
  27   0.104000E+01    0.376497E+00   -0.199408E+00   -0.199389E+00    0.935431E-04   -0.402899E+01
  28   0.108000E+01    0.366623E+00   -0.294176E+00   -0.293940E+00    0.800585E-03   -0.309659E+01
  29   0.112000E+01    0.352982E+00   -0.387531E+00   -0.387082E+00    0.116052E-02   -0.293535E+01
  30   0.116000E+01    0.335656E+00   -0.478190E+00   -0.477531E+00    0.137656E-02   -0.286120E+01
  31   0.120000E+01    0.314779E+00   -0.564900E+00   -0.564042E+00    0.151902E-02   -0.281844E+01
  32   0.124000E+01    0.290533E+00   -0.646464E+00   -0.645418E+00    0.161862E-02   -0.279085E+01
  33   0.128000E+01    0.263146E+00   -0.721753E+00   -0.720533E+00    0.169092E-02   -0.277188E+01
  34   0.132000E+01    0.232890E+00   -0.789723E+00   -0.788345E+00    0.174458E-02   -0.275831E+01
  35   0.136000E+01    0.200078E+00   -0.849429E+00   -0.847913E+00    0.178479E-02   -0.274841E+01
  36   0.140000E+01    0.165057E+00   -0.900044E+00   -0.898411E+00    0.181480E-02   -0.274117E+01
  37   0.144000E+01    0.128205E+00   -0.940863E+00   -0.939135E+00    0.183671E-02   -0.273596E+01
  38   0.148000E+01    0.899262E-01   -0.971318E+00   -0.969520E+00    0.185189E-02   -0.273238E+01
  39   0.152000E+01    0.506436E-01   -0.990986E+00   -0.989142E+00    0.186121E-02   -0.273020E+01
  40   0.156000E+01    0.107949E-01   -0.999592E+00   -0.997728E+00    0.186518E-02   -0.272928E+01
  41   0.160000E+01   -0.291746E-01   -0.997017E+00   -0.995158E+00    0.186400E-02   -0.272955E+01
  42   0.164000E+01   -0.688178E-01   -0.983296E+00   -0.981470E+00    0.185761E-02   -0.273105E+01
  43   0.168000E+01   -0.107692E+00   -0.958621E+00   -0.956852E+00    0.184567E-02   -0.273384E+01
  44   0.172000E+01   -0.145366E+00   -0.923335E+00   -0.921648E+00    0.182753E-02   -0.273814E+01
  45   0.176000E+01   -0.181424E+00   -0.877929E+00   -0.876347E+00    0.180210E-02   -0.274422E+01
  46   0.180000E+01   -0.215474E+00   -0.823035E+00   -0.821580E+00    0.176772E-02   -0.275259E+01
  47   0.184000E+01   -0.247150E+00   -0.759416E+00   -0.758108E+00    0.172181E-02   -0.276401E+01
  48   0.188000E+01   -0.276122E+00   -0.687955E+00   -0.686812E+00    0.166038E-02   -0.277979E+01
  49   0.192000E+01   -0.302095E+00   -0.609643E+00   -0.608681E+00    0.157690E-02   -0.280220E+01
  50   0.196000E+01   -0.324817E+00   -0.525566E+00   -0.524798E+00    0.146014E-02   -0.283561E+01
  51   0.200000E+01   -0.344079E+00   -0.436886E+00   -0.436323E+00    0.128913E-02   -0.288970E+01
  52   0.204000E+01   -0.359723E+00   -0.344829E+00   -0.344477E+00    0.101986E-02   -0.299146E+01
  53   0.208000E+01   -0.371637E+00   -0.250662E+00   -0.250526E+00    0.541995E-03   -0.326600E+01
  54   0.212000E+01   -0.379765E+00   -0.155681E+00   -0.155762E+00    0.521406E-03   -0.328282E+01
  55   0.216000E+01   -0.384098E+00   -0.611860E-01   -0.614823E-01    0.484276E-02   -0.231491E+01
  56   0.220000E+01   -0.384683E+00    0.315319E-01    0.310254E-01    0.160623E-01   -0.179419E+01
  57   0.224000E+01   -0.381616E+00    0.121213E+00    0.120504E+00    0.584649E-02   -0.223310E+01
  58   0.228000E+01   -0.375043E+00    0.206643E+00    0.205743E+00    0.435533E-02   -0.236098E+01
  59   0.232000E+01   -0.365157E+00    0.286677E+00    0.285599E+00    0.375943E-02   -0.242488E+01
  60   0.236000E+01   -0.352195E+00    0.360247E+00    0.359008E+00    0.344029E-02   -0.246340E+01
  61   0.240000E+01   -0.336436E+00    0.426385E+00    0.425003E+00    0.324248E-02   -0.248912E+01
  62   0.244000E+01   -0.318195E+00    0.484232E+00    0.482727E+00    0.310859E-02   -0.250744E+01
  63   0.248000E+01   -0.297818E+00    0.533051E+00    0.531445E+00    0.301248E-02   -0.252108E+01
  64   0.252000E+01   -0.275679E+00    0.572241E+00    0.570558E+00    0.294058E-02   -0.253157E+01
  65   0.256000E+01   -0.252174E+00    0.601339E+00    0.599604E+00    0.288511E-02   -0.253984E+01
  66   0.260000E+01   -0.227711E+00    0.620032E+00    0.618270E+00    0.284134E-02   -0.254648E+01
  67   0.264000E+01   -0.202712E+00    0.628161E+00    0.626398E+00    0.280618E-02   -0.255188E+01
  68   0.268000E+01   -0.177599E+00    0.625718E+00    0.623980E+00    0.277759E-02   -0.255633E+01
  69   0.272000E+01   -0.152793E+00    0.612852E+00    0.611164E+00    0.275411E-02   -0.256002E+01
  70   0.276000E+01   -0.128706E+00    0.589864E+00    0.588251E+00    0.273471E-02   -0.256309E+01
  71   0.280000E+01   -0.105733E+00    0.557202E+00    0.555687E+00    0.271865E-02   -0.256565E+01
  72   0.284000E+01   -0.842511E-01    0.515456E+00    0.514061E+00    0.270537E-02   -0.256777E+01
  73   0.288000E+01   -0.646085E-01    0.465346E+00    0.464092E+00    0.269444E-02   -0.256953E+01
  74   0.292000E+01   -0.471237E-01    0.407717E+00    0.406622E+00    0.268554E-02   -0.257097E+01
  75   0.296000E+01   -0.320787E-01    0.343522E+00    0.342602E+00    0.267843E-02   -0.257212E+01
  76   0.300000E+01   -0.197156E-01    0.273809E+00    0.273077E+00    0.267293E-02   -0.257301E+01
  77   0.304000E+01   -0.102326E-01    0.199707E+00    0.199174E+00    0.266890E-02   -0.257367E+01
  78   0.308000E+01   -0.378168E-02    0.122408E+00    0.122081E+00    0.266625E-02   -0.257410E+01
  79   0.312000E+01   -0.466062E-03    0.431518E-01    0.430368E-01    0.266491E-02   -0.257432E+01
  80   0.316000E+01   -0.338735E-03   -0.367939E-01   -0.366959E-01    0.266486E-02   -0.257433E+01
  81   0.320000E+01   -0.340173E-02   -0.116152E+00   -0.115842E+00    0.266609E-02   -0.257412E+01
  82   0.324000E+01   -0.960609E-02   -0.193652E+00   -0.193135E+00    0.266864E-02   -0.257371E+01
  83   0.328000E+01   -0.188526E-01   -0.268053E+00   -0.267337E+00    0.267256E-02   -0.257307E+01
  84   0.332000E+01   -0.309930E-01   -0.338158E+00   -0.337253E+00    0.267794E-02   -0.257220E+01
  85   0.336000E+01   -0.458328E-01   -0.402833E+00   -0.401751E+00    0.268491E-02   -0.257107E+01
  86   0.340000E+01   -0.631331E-01   -0.461021E+00   -0.459779E+00    0.269366E-02   -0.256966E+01
  87   0.344000E+01   -0.826151E-01   -0.511761E+00   -0.510377E+00    0.270442E-02   -0.256793E+01
  88   0.348000E+01   -0.103963E+00   -0.554202E+00   -0.552696E+00    0.271750E-02   -0.256583E+01
  89   0.352000E+01   -0.126831E+00   -0.587611E+00   -0.586005E+00    0.273332E-02   -0.256331E+01
  90   0.356000E+01   -0.150844E+00   -0.611387E+00   -0.609705E+00    0.275242E-02   -0.256028E+01
  91   0.360000E+01   -0.175607E+00   -0.625072E+00   -0.623337E+00    0.277554E-02   -0.255665E+01
  92   0.364000E+01   -0.200711E+00   -0.628352E+00   -0.626591E+00    0.280369E-02   -0.255227E+01
  93   0.368000E+01   -0.225734E+00   -0.621068E+00   -0.619305E+00    0.283825E-02   -0.254695E+01
  94   0.372000E+01   -0.250255E+00   -0.603212E+00   -0.601474E+00    0.288125E-02   -0.254042E+01
  95   0.376000E+01   -0.273852E+00   -0.574933E+00   -0.573245E+00    0.293563E-02   -0.253230E+01
  96   0.380000E+01   -0.296115E+00   -0.536532E+00   -0.534919E+00    0.300600E-02   -0.252201E+01
  97   0.384000E+01   -0.316646E+00   -0.488459E+00   -0.486945E+00    0.309978E-02   -0.250867E+01
  98   0.388000E+01   -0.335070E+00   -0.431306E+00   -0.429913E+00    0.322995E-02   -0.249080E+01
  99   0.392000E+01   -0.351039E+00   -0.365798E+00   -0.364547E+00    0.342118E-02   -0.246582E+01
 100   0.396000E+01   -0.364234E+00   -0.292786E+00   -0.291695E+00    0.372707E-02   -0.242863E+01
 101   0.400000E+01   -0.374374E+00   -0.213229E+00   -0.215326E+00    0.983195E-02   -0.200736E+01
