\BOOKMARK [1][-]{section.1}{Introduction}{}% 1
\BOOKMARK [1][-]{section.2}{R\351sum\351}{}% 2
\BOOKMARK [2][-]{subsection.2.1}{R\351sum\351 en Anglais}{section.2}% 3
\BOOKMARK [2][-]{subsection.2.2}{R\351sum\351 en Fran\347ais}{section.2}% 4
\BOOKMARK [1][-]{section.3}{Mod\351lisation}{}% 5
\BOOKMARK [2][-]{subsection.3.1}{Chute Libre}{section.3}% 6
\BOOKMARK [3][-]{subsubsection.3.1.1}{Solutions Analytiques}{subsection.3.1}% 7
\BOOKMARK [3][-]{subsubsection.3.1.2}{Mod\351lisation Euler}{subsection.3.1}% 8
\BOOKMARK [3][-]{subsubsection.3.1.3}{Mod\351lisation Runge-Kutta d'ordre 4}{subsection.3.1}% 9
\BOOKMARK [2][-]{subsection.3.2}{Objet Portant Propuls\351}{section.3}% 10
\BOOKMARK [3][-]{subsubsection.3.2.1}{M\351thode Euler}{subsection.3.2}% 11
\BOOKMARK [3][-]{subsubsection.3.2.2}{M\351thode Runge-Kutta d'ordre 4}{subsection.3.2}% 12
\BOOKMARK [1][-]{section.4}{Architecture}{}% 13
\BOOKMARK [2][-]{subsection.4.1}{Contenu}{section.4}% 14
\BOOKMARK [2][-]{subsection.4.2}{Algorithmie}{section.4}% 15
\BOOKMARK [3][-]{subsubsection.4.2.1}{Proc\351dure RK4}{subsection.4.2}% 16
\BOOKMARK [3][-]{subsubsection.4.2.2}{Param\351trisation d'Angle}{subsection.4.2}% 17
\BOOKMARK [1][-]{section.5}{Validation}{}% 18
\BOOKMARK [2][-]{subsection.5.1}{Trajectoires}{section.5}% 19
\BOOKMARK [3][-]{subsubsection.5.1.1}{Mod\350le Chute Libre}{subsection.5.1}% 20
\BOOKMARK [3][-]{subsubsection.5.1.2}{Mod\350le Propuls\351}{subsection.5.1}% 21
\BOOKMARK [2][-]{subsection.5.2}{Param\351trisation d'Angle}{section.5}% 22
\BOOKMARK [3][-]{subsubsection.5.2.1}{Mod\350le Chute Libre}{subsection.5.2}% 23
\BOOKMARK [3][-]{subsubsection.5.2.2}{Mod\350le Propuls\351}{subsection.5.2}% 24
\BOOKMARK [1][-]{section.6}{Conclusion}{}% 25
