\BOOKMARK [1][-]{section.1}{Introduction}{}% 1
\BOOKMARK [1][-]{section.2}{Description du Probl\350me}{}% 2
\BOOKMARK [1][-]{section.3}{Pr\351-Processeur}{}% 3
\BOOKMARK [2][-]{subsection.3.1}{Lecture d'un Fichier d'Entr\351e}{section.3}% 4
\BOOKMARK [2][-]{subsection.3.2}{le Maillage}{section.3}% 5
\BOOKMARK [2][-]{subsection.3.3}{Champ des Vitesses}{section.3}% 6
\BOOKMARK [2][-]{subsection.3.4}{Calcul du Pas de Temps}{section.3}% 7
\BOOKMARK [2][-]{subsection.3.5}{Para View}{section.3}% 8
\BOOKMARK [1][-]{section.4}{Discr\351tisation}{}% 9
\BOOKMARK [2][-]{subsection.4.1}{Calcul des Flux}{section.4}% 10
\BOOKMARK [3][-]{subsubsection.4.1.1}{Flux Advectifs}{subsection.4.1}% 11
\BOOKMARK [3][-]{subsubsection.4.1.2}{Flux Diffusifs}{subsection.4.1}% 12
\BOOKMARK [2][-]{subsection.4.2}{Conditions Limites}{section.4}% 13
\BOOKMARK [3][-]{subsubsection.4.2.1}{Temp\351ratures}{subsection.4.2}% 14
\BOOKMARK [3][-]{subsubsection.4.2.2}{Flux}{subsection.4.2}% 15
\BOOKMARK [1][-]{section.5}{Noyau du Calcul}{}% 16
\BOOKMARK [2][-]{subsection.5.1}{Mise \340 jour de la temp\351rature}{section.5}% 17
\BOOKMARK [1][-]{section.6}{Validation}{}% 18
\BOOKMARK [2][-]{subsection.6.1}{Construction du Champ des Vitesses}{section.6}% 19
\BOOKMARK [2][-]{subsection.6.2}{Advection Pure 1D}{section.6}% 20
\BOOKMARK [2][-]{subsection.6.3}{Advection 2D}{section.6}% 21
\BOOKMARK [2][-]{subsection.6.4}{Diffusion}{section.6}% 22
\BOOKMARK [1][-]{section.7}{Exploitation}{}% 23
\BOOKMARK [1][-]{section.8}{Conclusion}{}% 24
