#  i  x               xi               xe               yi               ye               h               f               g
   1 0.000000E+00    0.000000E+00    0.000000E+00    0.000000E+00    0.000000E+00    0.000000E+00    0.000000E+00    0.000000E+00
   2 0.671141E-02    0.105541E-01    0.286868E-02   -0.115667E-01    0.155179E-01    0.197558E-02    0.197558E-02    0.140770E-01
   3 0.134228E-01    0.184073E-01    0.843837E-02   -0.151311E-01    0.227520E-01    0.381043E-02    0.381043E-02    0.195864E-01
   4 0.201342E-01    0.257292E-01    0.145392E-01   -0.174908E-01    0.285096E-01    0.550939E-02    0.550939E-02    0.236709E-01
   5 0.268456E-01    0.327516E-01    0.209396E-01   -0.192784E-01    0.334329E-01    0.707726E-02    0.707726E-02    0.270093E-01
   6 0.335570E-01    0.395724E-01    0.275417E-01   -0.207336E-01    0.377714E-01    0.851889E-02    0.851889E-02    0.298646E-01
   7 0.402685E-01    0.462466E-01    0.342903E-01   -0.219761E-01    0.416543E-01    0.983909E-02    0.983909E-02    0.323720E-01
   8 0.469799E-01    0.528101E-01    0.411497E-01   -0.230744E-01    0.451598E-01    0.110427E-01    0.110427E-01    0.346117E-01
   9 0.536913E-01    0.592885E-01    0.480941E-01   -0.240716E-01    0.483406E-01    0.121345E-01    0.121345E-01    0.366362E-01
  10 0.604027E-01    0.657013E-01    0.551040E-01   -0.249962E-01    0.512349E-01    0.131194E-01    0.131194E-01    0.384820E-01
  11 0.671141E-01    0.720642E-01    0.621640E-01   -0.258677E-01    0.538719E-01    0.140021E-01    0.140021E-01    0.401759E-01
  12 0.738255E-01    0.783899E-01    0.692611E-01   -0.267002E-01    0.562752E-01    0.147875E-01    0.147875E-01    0.417380E-01
  13 0.805369E-01    0.846890E-01    0.763848E-01   -0.275035E-01    0.584644E-01    0.154804E-01    0.154804E-01    0.431840E-01
  14 0.872483E-01    0.909708E-01    0.835259E-01   -0.282850E-01    0.604564E-01    0.160857E-01    0.160857E-01    0.445266E-01
  15 0.939597E-01    0.972430E-01    0.906764E-01   -0.290499E-01    0.622662E-01    0.166081E-01    0.166081E-01    0.457759E-01
  16 0.100671E+00    0.103513E+00    0.978296E-01   -0.298019E-01    0.639070E-01    0.170526E-01    0.170526E-01    0.469406E-01
  17 0.107383E+00    0.109786E+00    0.104979E+00   -0.305437E-01    0.653912E-01    0.174238E-01    0.174238E-01    0.480276E-01
  18 0.114094E+00    0.116067E+00    0.112120E+00   -0.312768E-01    0.667301E-01    0.177267E-01    0.177267E-01    0.490431E-01
  19 0.120805E+00    0.122363E+00    0.119248E+00   -0.320021E-01    0.679341E-01    0.179660E-01    0.179660E-01    0.499924E-01
  20 0.127517E+00    0.128675E+00    0.126358E+00   -0.327201E-01    0.690133E-01    0.181466E-01    0.181466E-01    0.508799E-01
  21 0.134228E+00    0.135009E+00    0.133447E+00   -0.334305E-01    0.699770E-01    0.182733E-01    0.182733E-01    0.517096E-01
  22 0.140940E+00    0.141367E+00    0.140512E+00   -0.341325E-01    0.708344E-01    0.183509E-01    0.183509E-01    0.524852E-01
  23 0.147651E+00    0.147753E+00    0.147549E+00   -0.348252E-01    0.715938E-01    0.183843E-01    0.183843E-01    0.532096E-01
  24 0.154362E+00    0.154169E+00    0.154556E+00   -0.355071E-01    0.722637E-01    0.183783E-01    0.183783E-01    0.538857E-01
  25 0.161074E+00    0.160616E+00    0.161531E+00   -0.361765E-01    0.728518E-01    0.183377E-01    0.183377E-01    0.545161E-01
  26 0.167785E+00    0.167098E+00    0.168472E+00   -0.368314E-01    0.733659E-01    0.182673E-01    0.182673E-01    0.551030E-01
  27 0.174497E+00    0.173616E+00    0.175377E+00   -0.374696E-01    0.738134E-01    0.181719E-01    0.181719E-01    0.556484E-01
  28 0.181208E+00    0.180171E+00    0.182245E+00   -0.380884E-01    0.742013E-01    0.180564E-01    0.180564E-01    0.561544E-01
  29 0.187919E+00    0.186765E+00    0.189074E+00   -0.386853E-01    0.745365E-01    0.179256E-01    0.179256E-01    0.566227E-01
  30 0.194631E+00    0.193399E+00    0.195862E+00   -0.392571E-01    0.748258E-01    0.177844E-01    0.177844E-01    0.570548E-01
  31 0.201342E+00    0.200074E+00    0.202610E+00   -0.398008E-01    0.750757E-01    0.176374E-01    0.176374E-01    0.574522E-01
  32 0.208054E+00    0.206777E+00    0.209330E+00   -0.403131E-01    0.752915E-01    0.174892E-01    0.174892E-01    0.578164E-01
  33 0.214765E+00    0.213481E+00    0.216049E+00   -0.407934E-01    0.754754E-01    0.173410E-01    0.173410E-01    0.581486E-01
  34 0.221477E+00    0.220186E+00    0.222767E+00   -0.412429E-01    0.756286E-01    0.171928E-01    0.171928E-01    0.584500E-01
  35 0.228188E+00    0.226891E+00    0.229484E+00   -0.416628E-01    0.757520E-01    0.170446E-01    0.170446E-01    0.587218E-01
  36 0.234899E+00    0.233597E+00    0.236201E+00   -0.420541E-01    0.758469E-01    0.168964E-01    0.168964E-01    0.589649E-01
  37 0.241611E+00    0.240304E+00    0.242917E+00   -0.424178E-01    0.759142E-01    0.167482E-01    0.167482E-01    0.591804E-01
  38 0.248322E+00    0.247011E+00    0.249633E+00   -0.427549E-01    0.759548E-01    0.166000E-01    0.166000E-01    0.593693E-01
  39 0.255034E+00    0.253719E+00    0.256348E+00   -0.430661E-01    0.759695E-01    0.164517E-01    0.164517E-01    0.595323E-01
  40 0.261745E+00    0.260428E+00    0.263062E+00   -0.433523E-01    0.759594E-01    0.163035E-01    0.163035E-01    0.596704E-01
  41 0.268456E+00    0.267136E+00    0.269776E+00   -0.436144E-01    0.759250E-01    0.161553E-01    0.161553E-01    0.597843E-01
  42 0.275168E+00    0.273846E+00    0.276490E+00   -0.438531E-01    0.758673E-01    0.160071E-01    0.160071E-01    0.598748E-01
  43 0.281879E+00    0.280556E+00    0.283203E+00   -0.440690E-01    0.757868E-01    0.158589E-01    0.158589E-01    0.599425E-01
  44 0.288591E+00    0.287266E+00    0.289915E+00   -0.442630E-01    0.756843E-01    0.157107E-01    0.157107E-01    0.599883E-01
  45 0.295302E+00    0.293977E+00    0.296627E+00   -0.444355E-01    0.755604E-01    0.155625E-01    0.155625E-01    0.600126E-01
  46 0.302013E+00    0.300688E+00    0.303338E+00   -0.445873E-01    0.754158E-01    0.154142E-01    0.154142E-01    0.600162E-01
  47 0.308725E+00    0.307400E+00    0.310050E+00   -0.447190E-01    0.752510E-01    0.152660E-01    0.152660E-01    0.599996E-01
  48 0.315436E+00    0.314112E+00    0.316760E+00   -0.448310E-01    0.750666E-01    0.151178E-01    0.151178E-01    0.599634E-01
  49 0.322148E+00    0.320825E+00    0.323470E+00   -0.449240E-01    0.748632E-01    0.149696E-01    0.149696E-01    0.599082E-01
  50 0.328859E+00    0.327538E+00    0.330180E+00   -0.449984E-01    0.746412E-01    0.148214E-01    0.148214E-01    0.598344E-01
  51 0.335570E+00    0.334251E+00    0.336889E+00   -0.450548E-01    0.744011E-01    0.146732E-01    0.146732E-01    0.597425E-01
  52 0.342282E+00    0.340965E+00    0.343598E+00   -0.450936E-01    0.741435E-01    0.145250E-01    0.145250E-01    0.596331E-01
  53 0.348993E+00    0.347679E+00    0.350307E+00   -0.451154E-01    0.738688E-01    0.143767E-01    0.143767E-01    0.595066E-01
  54 0.355705E+00    0.354394E+00    0.357015E+00   -0.451204E-01    0.735775E-01    0.142285E-01    0.142285E-01    0.593634E-01
  55 0.362416E+00    0.361109E+00    0.363723E+00   -0.451093E-01    0.732699E-01    0.140803E-01    0.140803E-01    0.592041E-01
  56 0.369128E+00    0.367824E+00    0.370431E+00   -0.450824E-01    0.729466E-01    0.139321E-01    0.139321E-01    0.590288E-01
  57 0.375839E+00    0.374540E+00    0.377138E+00   -0.450400E-01    0.726078E-01    0.137839E-01    0.137839E-01    0.588382E-01
  58 0.382550E+00    0.381256E+00    0.383845E+00   -0.449826E-01    0.722539E-01    0.136357E-01    0.136357E-01    0.586326E-01
  59 0.389262E+00    0.387972E+00    0.390551E+00   -0.449105E-01    0.718855E-01    0.134875E-01    0.134875E-01    0.584122E-01
  60 0.395973E+00    0.394689E+00    0.397258E+00   -0.448242E-01    0.715027E-01    0.133392E-01    0.133392E-01    0.581776E-01
  61 0.402685E+00    0.401406E+00    0.403964E+00   -0.447239E-01    0.711059E-01    0.131910E-01    0.131910E-01    0.579290E-01
  62 0.409396E+00    0.408123E+00    0.410669E+00   -0.446099E-01    0.706956E-01    0.130428E-01    0.130428E-01    0.576668E-01
  63 0.416107E+00    0.414840E+00    0.417374E+00   -0.444827E-01    0.702719E-01    0.128946E-01    0.128946E-01    0.573913E-01
  64 0.422819E+00    0.421558E+00    0.424080E+00   -0.443424E-01    0.698352E-01    0.127464E-01    0.127464E-01    0.571027E-01
  65 0.429530E+00    0.428276E+00    0.430784E+00   -0.441895E-01    0.693858E-01    0.125982E-01    0.125982E-01    0.568015E-01
  66 0.436242E+00    0.434994E+00    0.437489E+00   -0.440242E-01    0.689241E-01    0.124500E-01    0.124500E-01    0.564879E-01
  67 0.442953E+00    0.441713E+00    0.444193E+00   -0.438467E-01    0.684502E-01    0.123018E-01    0.123018E-01    0.561621E-01
  68 0.449664E+00    0.448432E+00    0.450897E+00   -0.436574E-01    0.679645E-01    0.121535E-01    0.121535E-01    0.558246E-01
  69 0.456376E+00    0.455151E+00    0.457601E+00   -0.434565E-01    0.674672E-01    0.120053E-01    0.120053E-01    0.554754E-01
  70 0.463087E+00    0.461870E+00    0.464304E+00   -0.432443E-01    0.669585E-01    0.118571E-01    0.118571E-01    0.551149E-01
  71 0.469799E+00    0.468590E+00    0.471007E+00   -0.430210E-01    0.664388E-01    0.117089E-01    0.117089E-01    0.547433E-01
  72 0.476510E+00    0.475310E+00    0.477710E+00   -0.427869E-01    0.659083E-01    0.115607E-01    0.115607E-01    0.543609E-01
  73 0.483221E+00    0.482030E+00    0.484413E+00   -0.425422E-01    0.653671E-01    0.114125E-01    0.114125E-01    0.539678E-01
  74 0.489933E+00    0.488750E+00    0.491116E+00   -0.422871E-01    0.648156E-01    0.112643E-01    0.112643E-01    0.535644E-01
  75 0.496644E+00    0.495471E+00    0.497818E+00   -0.420218E-01    0.642539E-01    0.111160E-01    0.111160E-01    0.531508E-01
  76 0.503356E+00    0.502192E+00    0.504520E+00   -0.417466E-01    0.636822E-01    0.109678E-01    0.109678E-01    0.527272E-01
  77 0.510067E+00    0.508913E+00    0.511222E+00   -0.414616E-01    0.631008E-01    0.108196E-01    0.108196E-01    0.522939E-01
  78 0.516779E+00    0.515634E+00    0.517923E+00   -0.411670E-01    0.625098E-01    0.106714E-01    0.106714E-01    0.518511E-01
  79 0.523490E+00    0.522355E+00    0.524625E+00   -0.408631E-01    0.619095E-01    0.105232E-01    0.105232E-01    0.513988E-01
  80 0.530201E+00    0.529077E+00    0.531326E+00   -0.405500E-01    0.612999E-01    0.103750E-01    0.103750E-01    0.509374E-01
  81 0.536913E+00    0.535799E+00    0.538027E+00   -0.402279E-01    0.606814E-01    0.102268E-01    0.102268E-01    0.504669E-01
  82 0.543624E+00    0.542521E+00    0.544728E+00   -0.398969E-01    0.600540E-01    0.100785E-01    0.100785E-01    0.499876E-01
  83 0.550336E+00    0.549243E+00    0.551428E+00   -0.395573E-01    0.594179E-01    0.993033E-02    0.993033E-02    0.494997E-01
  84 0.557047E+00    0.555965E+00    0.558129E+00   -0.392091E-01    0.587734E-01    0.978211E-02    0.978211E-02    0.490032E-01
  85 0.563758E+00    0.562688E+00    0.564829E+00   -0.388526E-01    0.581204E-01    0.963390E-02    0.963390E-02    0.484983E-01
  86 0.570470E+00    0.569410E+00    0.571529E+00   -0.384879E-01    0.574593E-01    0.948569E-02    0.948569E-02    0.479853E-01
  87 0.577181E+00    0.576133E+00    0.578229E+00   -0.381151E-01    0.567901E-01    0.933747E-02    0.933747E-02    0.474641E-01
  88 0.583893E+00    0.582856E+00    0.584929E+00   -0.377344E-01    0.561129E-01    0.918926E-02    0.918926E-02    0.469351E-01
  89 0.590604E+00    0.589580E+00    0.591628E+00   -0.373458E-01    0.554279E-01    0.904105E-02    0.904105E-02    0.463982E-01
  90 0.597315E+00    0.596303E+00    0.598328E+00   -0.369496E-01    0.547353E-01    0.889283E-02    0.889283E-02    0.458536E-01
  91 0.604027E+00    0.603027E+00    0.605027E+00   -0.365459E-01    0.540351E-01    0.874462E-02    0.874462E-02    0.453015E-01
  92 0.610738E+00    0.609750E+00    0.611726E+00   -0.361347E-01    0.533275E-01    0.859640E-02    0.859640E-02    0.447420E-01
  93 0.617450E+00    0.616474E+00    0.618425E+00   -0.357161E-01    0.526125E-01    0.844819E-02    0.844819E-02    0.441751E-01
  94 0.624161E+00    0.623198E+00    0.625124E+00   -0.352904E-01    0.518903E-01    0.829998E-02    0.829998E-02    0.436010E-01
  95 0.630872E+00    0.629923E+00    0.631822E+00   -0.348575E-01    0.511610E-01    0.815176E-02    0.815176E-02    0.430197E-01
  96 0.637584E+00    0.636647E+00    0.638521E+00   -0.344176E-01    0.504247E-01    0.800355E-02    0.800355E-02    0.424315E-01
  97 0.644295E+00    0.643372E+00    0.645219E+00   -0.339707E-01    0.496814E-01    0.785533E-02    0.785533E-02    0.418363E-01
  98 0.651007E+00    0.650096E+00    0.651917E+00   -0.335171E-01    0.489313E-01    0.770712E-02    0.770712E-02    0.412342E-01
  99 0.657718E+00    0.656821E+00    0.658615E+00   -0.330566E-01    0.481744E-01    0.755891E-02    0.755891E-02    0.406254E-01
 100 0.664430E+00    0.663546E+00    0.665313E+00   -0.325895E-01    0.474109E-01    0.741069E-02    0.741069E-02    0.400099E-01
 101 0.671141E+00    0.670271E+00    0.672011E+00   -0.321157E-01    0.466407E-01    0.726248E-02    0.726248E-02    0.393878E-01
 102 0.677852E+00    0.676997E+00    0.678708E+00   -0.316355E-01    0.458640E-01    0.711427E-02    0.711427E-02    0.387592E-01
 103 0.684564E+00    0.683722E+00    0.685405E+00   -0.311487E-01    0.450808E-01    0.696605E-02    0.696605E-02    0.381241E-01
 104 0.691275E+00    0.690448E+00    0.692103E+00   -0.306556E-01    0.442912E-01    0.681784E-02    0.681784E-02    0.374825E-01
 105 0.697987E+00    0.697173E+00    0.698800E+00   -0.301561E-01    0.434953E-01    0.666962E-02    0.666962E-02    0.368347E-01
 106 0.704698E+00    0.703899E+00    0.705497E+00   -0.296502E-01    0.426931E-01    0.652141E-02    0.652141E-02    0.361805E-01
 107 0.711409E+00    0.710625E+00    0.712194E+00   -0.291382E-01    0.418846E-01    0.637320E-02    0.637320E-02    0.355200E-01
 108 0.718121E+00    0.717351E+00    0.718890E+00   -0.286199E-01    0.410699E-01    0.622498E-02    0.622498E-02    0.348534E-01
 109 0.724832E+00    0.724078E+00    0.725587E+00   -0.280954E-01    0.402490E-01    0.607677E-02    0.607677E-02    0.341805E-01
 110 0.731544E+00    0.730804E+00    0.732283E+00   -0.275649E-01    0.394220E-01    0.592855E-02    0.592855E-02    0.335016E-01
 111 0.738255E+00    0.737530E+00    0.738980E+00   -0.270282E-01    0.385889E-01    0.578034E-02    0.578034E-02    0.328165E-01
 112 0.744966E+00    0.744257E+00    0.745676E+00   -0.264854E-01    0.377497E-01    0.563213E-02    0.563213E-02    0.321254E-01
 113 0.751678E+00    0.750984E+00    0.752372E+00   -0.259366E-01    0.369045E-01    0.548391E-02    0.548391E-02    0.314282E-01
 114 0.758389E+00    0.757711E+00    0.759068E+00   -0.253818E-01    0.360532E-01    0.533570E-02    0.533570E-02    0.307250E-01
 115 0.765101E+00    0.764438E+00    0.765763E+00   -0.248210E-01    0.351959E-01    0.518748E-02    0.518748E-02    0.300158E-01
 116 0.771812E+00    0.771165E+00    0.772459E+00   -0.242541E-01    0.343327E-01    0.503927E-02    0.503927E-02    0.293005E-01
 117 0.778523E+00    0.777893E+00    0.779154E+00   -0.236813E-01    0.334634E-01    0.489106E-02    0.489106E-02    0.285793E-01
 118 0.785235E+00    0.784620E+00    0.785850E+00   -0.231025E-01    0.325882E-01    0.474284E-02    0.474284E-02    0.278521E-01
 119 0.791946E+00    0.791348E+00    0.792545E+00   -0.225177E-01    0.317069E-01    0.459463E-02    0.459463E-02    0.271189E-01
 120 0.798658E+00    0.798075E+00    0.799240E+00   -0.219269E-01    0.308197E-01    0.444642E-02    0.444642E-02    0.263797E-01
 121 0.805369E+00    0.804803E+00    0.805935E+00   -0.213301E-01    0.299265E-01    0.429820E-02    0.429820E-02    0.256346E-01
 122 0.812081E+00    0.811531E+00    0.812630E+00   -0.207273E-01    0.290273E-01    0.414999E-02    0.414999E-02    0.248834E-01
 123 0.818792E+00    0.818259E+00    0.819325E+00   -0.201185E-01    0.281221E-01    0.400177E-02    0.400177E-02    0.241262E-01
 124 0.825503E+00    0.824988E+00    0.826019E+00   -0.195037E-01    0.272108E-01    0.385356E-02    0.385356E-02    0.233630E-01
 125 0.832215E+00    0.831716E+00    0.832714E+00   -0.188828E-01    0.262935E-01    0.370535E-02    0.370535E-02    0.225937E-01
 126 0.838926E+00    0.838444E+00    0.839408E+00   -0.182559E-01    0.253702E-01    0.355713E-02    0.355713E-02    0.218183E-01
 127 0.845638E+00    0.845173E+00    0.846102E+00   -0.176228E-01    0.244407E-01    0.340892E-02    0.340892E-02    0.210369E-01
 128 0.852349E+00    0.851902E+00    0.852796E+00   -0.169836E-01    0.235050E-01    0.326070E-02    0.326070E-02    0.202493E-01
 129 0.859060E+00    0.858631E+00    0.859490E+00   -0.163383E-01    0.225632E-01    0.311249E-02    0.311249E-02    0.194555E-01
 130 0.865772E+00    0.865360E+00    0.866184E+00   -0.156867E-01    0.216152E-01    0.296428E-02    0.296428E-02    0.186555E-01
 131 0.872483E+00    0.872089E+00    0.872877E+00   -0.150288E-01    0.206610E-01    0.281606E-02    0.281606E-02    0.178492E-01
 132 0.879195E+00    0.878818E+00    0.879571E+00   -0.143647E-01    0.197004E-01    0.266785E-02    0.266785E-02    0.170367E-01
 133 0.885906E+00    0.885548E+00    0.886264E+00   -0.136942E-01    0.187335E-01    0.251964E-02    0.251964E-02    0.162178E-01
 134 0.892617E+00    0.892278E+00    0.892957E+00   -0.130173E-01    0.177601E-01    0.237142E-02    0.237142E-02    0.153925E-01
 135 0.899329E+00    0.899007E+00    0.899650E+00   -0.123340E-01    0.167804E-01    0.222321E-02    0.222321E-02    0.145607E-01
 136 0.906040E+00    0.905737E+00    0.906343E+00   -0.116441E-01    0.157941E-01    0.207499E-02    0.207499E-02    0.137224E-01
 137 0.912752E+00    0.912467E+00    0.913036E+00   -0.109476E-01    0.148012E-01    0.192678E-02    0.192678E-02    0.128775E-01
 138 0.919463E+00    0.919198E+00    0.919729E+00   -0.102445E-01    0.138017E-01    0.177857E-02    0.177857E-02    0.120260E-01
 139 0.926174E+00    0.925928E+00    0.926421E+00   -0.953470E-02    0.127954E-01    0.163035E-02    0.163035E-02    0.111678E-01
 140 0.932886E+00    0.932658E+00    0.933113E+00   -0.881809E-02    0.117824E-01    0.148214E-02    0.148214E-02    0.103027E-01
 141 0.939597E+00    0.939389E+00    0.939806E+00   -0.809460E-02    0.107624E-01    0.133392E-02    0.133392E-02    0.943082E-02
 142 0.946309E+00    0.946120E+00    0.946498E+00   -0.736416E-02    0.973559E-02    0.118571E-02    0.118571E-02    0.855196E-02
 143 0.953020E+00    0.952851E+00    0.953189E+00   -0.662669E-02    0.870169E-02    0.103750E-02    0.103750E-02    0.766606E-02
 144 0.959732E+00    0.959582E+00    0.959881E+00   -0.588210E-02    0.766067E-02    0.889283E-03    0.889283E-03    0.677304E-02
 145 0.966443E+00    0.966313E+00    0.966573E+00   -0.513030E-02    0.661244E-02    0.741069E-03    0.741069E-03    0.587280E-02
 146 0.973154E+00    0.973045E+00    0.973264E+00   -0.437119E-02    0.555690E-02    0.592855E-03    0.592855E-03    0.496525E-02
 147 0.979866E+00    0.979776E+00    0.979955E+00   -0.360468E-02    0.449396E-02    0.444642E-03    0.444642E-03    0.405030E-02
 148 0.986577E+00    0.986508E+00    0.986646E+00   -0.283066E-02    0.342351E-02    0.296428E-03    0.296428E-03    0.312785E-02
 149 0.993289E+00    0.993240E+00    0.993337E+00   -0.204903E-02    0.234546E-02    0.148214E-03    0.148214E-03    0.219778E-02
 150 0.100000E+01    0.999972E+00    0.100003E+01   -0.125969E-02    0.125969E-02    0.269698E-16    0.268882E-16    0.126000E-02
